This file contains any messages produced by compilers while
running configure, to aid debugging if configure makes a mistake.

It was created by fatcache configure 0.1.1, which was
generated by GNU Autoconf 2.68.  Invocation command line was

  $ ./configure 

## --------- ##
## Platform. ##
## --------- ##

hostname = shen-MS-7885
uname -m = x86_64
uname -r = 3.19.0-58-generic
uname -s = Linux
uname -v = #64~14.04.1-Ubuntu SMP Fri Mar 18 19:05:43 UTC 2016

/usr/bin/uname -p = unknown
/bin/uname -X     = unknown

/bin/arch              = unknown
/usr/bin/arch -k       = unknown
/usr/convex/getsysinfo = unknown
/usr/bin/hostinfo      = unknown
/bin/machine           = unknown
/usr/bin/oslevel       = unknown
/bin/universe          = unknown

PATH: /usr/local/sbin
PATH: /usr/local/bin
PATH: /usr/sbin
PATH: /usr/bin
PATH: /sbin
PATH: /bin
PATH: /usr/games
PATH: /usr/local/games


## ----------- ##
## Core tests. ##
## ----------- ##

configure:2354: checking build system type
configure:2368: result: x86_64-unknown-linux-gnu
configure:2388: checking host system type
configure:2401: result: x86_64-unknown-linux-gnu
configure:2421: checking target system type
configure:2434: result: x86_64-unknown-linux-gnu
configure:2479: checking for a BSD-compatible install
configure:2547: result: /usr/bin/install -c
configure:2558: checking whether build environment is sane
configure:2608: result: yes
configure:2749: checking for a thread-safe mkdir -p
configure:2788: result: /bin/mkdir -p
configure:2801: checking for gawk
configure:2831: result: no
configure:2801: checking for mawk
configure:2817: found /usr/bin/mawk
configure:2828: result: mawk
configure:2839: checking whether make sets $(MAKE)
configure:2861: result: yes
configure:3013: checking for gcc
configure:3029: found /usr/bin/gcc
configure:3040: result: gcc
configure:3269: checking for C compiler version
configure:3278: gcc --version >&5
gcc (Ubuntu 4.8.5-2ubuntu1~14.04.1) 4.8.5
Copyright (C) 2015 Free Software Foundation, Inc.
This is free software; see the source for copying conditions.  There is NO
warranty; not even for MERCHANTABILITY or FITNESS FOR A PARTICULAR PURPOSE.

configure:3289: $? = 0
configure:3278: gcc -v >&5
Using built-in specs.
COLLECT_GCC=gcc
COLLECT_LTO_WRAPPER=/usr/lib/gcc/x86_64-linux-gnu/4.8/lto-wrapper
Target: x86_64-linux-gnu
Configured with: ../src/configure -v --with-pkgversion='Ubuntu 4.8.5-2ubuntu1~14.04.1' --with-bugurl=file:///usr/share/doc/gcc-4.8/README.Bugs --enable-languages=c,c++,java,go,d,fortran,objc,obj-c++ --prefix=/usr --program-suffix=-4.8 --enable-shared --enable-linker-build-id --libexecdir=/usr/lib --without-included-gettext --enable-threads=posix --with-gxx-include-dir=/usr/include/c++/4.8 --libdir=/usr/lib --enable-nls --with-sysroot=/ --enable-clocale=gnu --enable-libstdcxx-debug --enable-libstdcxx-time=yes --enable-gnu-unique-object --disable-libmudflap --enable-plugin --with-system-zlib --disable-browser-plugin --enable-java-awt=gtk --enable-gtk-cairo --with-java-home=/usr/lib/jvm/java-1.5.0-gcj-4.8-amd64/jre --enable-java-home --with-jvm-root-dir=/usr/lib/jvm/java-1.5.0-gcj-4.8-amd64 --with-jvm-jar-dir=/usr/lib/jvm-exports/java-1.5.0-gcj-4.8-amd64 --with-arch-directory=amd64 --with-ecj-jar=/usr/share/java/eclipse-ecj.jar --enable-objc-gc --enable-multiarch --disable-werror --with-arch-32=i686 --with-abi=m64 --with-multilib-list=m32,m64,mx32 --with-tune=generic --enable-checking=release --build=x86_64-linux-gnu --host=x86_64-linux-gnu --target=x86_64-linux-gnu
Thread model: posix
gcc version 4.8.5 (Ubuntu 4.8.5-2ubuntu1~14.04.1) 
configure:3289: $? = 0
configure:3278: gcc -V >&5
gcc: error: unrecognized command line option '-V'
gcc: fatal error: no input files
compilation terminated.
configure:3289: $? = 4
configure:3278: gcc -qversion >&5
gcc: error: unrecognized command line option '-qversion'
gcc: fatal error: no input files
compilation terminated.
configure:3289: $? = 4
configure:3309: checking whether the C compiler works
configure:3331: gcc    conftest.c  >&5
configure:3335: $? = 0
configure:3383: result: yes
configure:3386: checking for C compiler default output file name
configure:3388: result: a.out
configure:3394: checking for suffix of executables
configure:3401: gcc -o conftest    conftest.c  >&5
configure:3405: $? = 0
configure:3427: result: 
configure:3449: checking whether we are cross compiling
configure:3457: gcc -o conftest    conftest.c  >&5
configure:3461: $? = 0
configure:3468: ./conftest
configure:3472: $? = 0
configure:3487: result: no
configure:3492: checking for suffix of object files
configure:3514: gcc -c   conftest.c >&5
configure:3518: $? = 0
configure:3539: result: o
configure:3543: checking whether we are using the GNU C compiler
configure:3562: gcc -c   conftest.c >&5
configure:3562: $? = 0
configure:3571: result: yes
configure:3580: checking whether gcc accepts -g
configure:3600: gcc -c -g  conftest.c >&5
configure:3600: $? = 0
configure:3641: result: yes
configure:3658: checking for gcc option to accept ISO C89
configure:3722: gcc  -c -g -O2  conftest.c >&5
configure:3722: $? = 0
configure:3735: result: none needed
configure:3766: checking for style of include used by make
configure:3794: result: GNU
configure:3820: checking dependency style of gcc
configure:3931: result: gcc3
configure:3947: checking whether make sets $(MAKE)
configure:3969: result: yes
configure:3979: checking whether gcc and cc understand -c and -o together
configure:4010: gcc -c conftest.c -o conftest2.o >&5
configure:4014: $? = 0
configure:4020: gcc -c conftest.c -o conftest2.o >&5
configure:4024: $? = 0
configure:4035: cc -c conftest.c >&5
configure:4039: $? = 0
configure:4047: cc -c conftest.c -o conftest2.o >&5
configure:4051: $? = 0
configure:4057: cc -c conftest.c -o conftest2.o >&5
configure:4061: $? = 0
configure:4079: result: yes
configure:4107: checking for inline
configure:4123: gcc -c -g -O2  conftest.c >&5
configure:4123: $? = 0
configure:4131: result: inline
configure:4149: checking for an ANSI C-conforming const
configure:4214: gcc -c -g -O2  conftest.c >&5
configure:4214: $? = 0
configure:4221: result: yes
configure:4234: checking how to run the C preprocessor
configure:4265: gcc -E  conftest.c
configure:4265: $? = 0
configure:4279: gcc -E  conftest.c
conftest.c:15:28: fatal error: ac_nonexistent.h: No such file or directory
 #include <ac_nonexistent.h>
                            ^
compilation terminated.
configure:4279: $? = 1
configure: failed program was:
| /* confdefs.h */
| #define PACKAGE_NAME "fatcache"
| #define PACKAGE_TARNAME "fatcache"
| #define PACKAGE_VERSION "0.1.1"
| #define PACKAGE_STRING "fatcache 0.1.1"
| #define PACKAGE_BUGREPORT "manj@twitter.com"
| #define PACKAGE_URL ""
| #define PACKAGE "fatcache"
| #define VERSION "0.1.1"
| #define FC_VERSION_MAJOR 0
| #define FC_VERSION_MINOR 1
| #define FC_VERSION_PATCH 1
| #define FC_VERSION_STRING "0.1.1"
| /* end confdefs.h.  */
| #include <ac_nonexistent.h>
configure:4304: result: gcc -E
configure:4324: gcc -E  conftest.c
configure:4324: $? = 0
configure:4338: gcc -E  conftest.c
conftest.c:15:28: fatal error: ac_nonexistent.h: No such file or directory
 #include <ac_nonexistent.h>
                            ^
compilation terminated.
configure:4338: $? = 1
configure: failed program was:
| /* confdefs.h */
| #define PACKAGE_NAME "fatcache"
| #define PACKAGE_TARNAME "fatcache"
| #define PACKAGE_VERSION "0.1.1"
| #define PACKAGE_STRING "fatcache 0.1.1"
| #define PACKAGE_BUGREPORT "manj@twitter.com"
| #define PACKAGE_URL ""
| #define PACKAGE "fatcache"
| #define VERSION "0.1.1"
| #define FC_VERSION_MAJOR 0
| #define FC_VERSION_MINOR 1
| #define FC_VERSION_PATCH 1
| #define FC_VERSION_STRING "0.1.1"
| /* end confdefs.h.  */
| #include <ac_nonexistent.h>
configure:4367: checking for grep that handles long lines and -e
configure:4425: result: /bin/grep
configure:4430: checking for egrep
configure:4492: result: /bin/grep -E
configure:4497: checking for ANSI C header files
configure:4517: gcc -c -g -O2  conftest.c >&5
configure:4517: $? = 0
configure:4590: gcc -o conftest -g -O2   conftest.c  >&5
configure:4590: $? = 0
configure:4590: ./conftest
configure:4590: $? = 0
configure:4601: result: yes
configure:4614: checking for sys/types.h
configure:4614: gcc -c -g -O2  conftest.c >&5
configure:4614: $? = 0
configure:4614: result: yes
configure:4614: checking for sys/stat.h
configure:4614: gcc -c -g -O2  conftest.c >&5
configure:4614: $? = 0
configure:4614: result: yes
configure:4614: checking for stdlib.h
configure:4614: gcc -c -g -O2  conftest.c >&5
configure:4614: $? = 0
configure:4614: result: yes
configure:4614: checking for string.h
configure:4614: gcc -c -g -O2  conftest.c >&5
configure:4614: $? = 0
configure:4614: result: yes
configure:4614: checking for memory.h
configure:4614: gcc -c -g -O2  conftest.c >&5
configure:4614: $? = 0
configure:4614: result: yes
configure:4614: checking for strings.h
configure:4614: gcc -c -g -O2  conftest.c >&5
configure:4614: $? = 0
configure:4614: result: yes
configure:4614: checking for inttypes.h
configure:4614: gcc -c -g -O2  conftest.c >&5
configure:4614: $? = 0
configure:4614: result: yes
configure:4614: checking for stdint.h
configure:4614: gcc -c -g -O2  conftest.c >&5
configure:4614: $? = 0
configure:4614: result: yes
configure:4614: checking for unistd.h
configure:4614: gcc -c -g -O2  conftest.c >&5
configure:4614: $? = 0
configure:4614: result: yes
configure:4626: checking for int8_t
configure:4626: gcc -c -g -O2  conftest.c >&5
configure:4626: $? = 0
configure:4626: gcc -c -g -O2  conftest.c >&5
conftest.c: In function 'main':
conftest.c:62:12: error: size of array 'test_array' is negative
 static int test_array [1 - 2 * !((int8_t) (((((int8_t) 1 << N) << N) - 1) * 2 + 1)
            ^
configure:4626: $? = 1
configure: failed program was:
| /* confdefs.h */
| #define PACKAGE_NAME "fatcache"
| #define PACKAGE_TARNAME "fatcache"
| #define PACKAGE_VERSION "0.1.1"
| #define PACKAGE_STRING "fatcache 0.1.1"
| #define PACKAGE_BUGREPORT "manj@twitter.com"
| #define PACKAGE_URL ""
| #define PACKAGE "fatcache"
| #define VERSION "0.1.1"
| #define FC_VERSION_MAJOR 0
| #define FC_VERSION_MINOR 1
| #define FC_VERSION_PATCH 1
| #define FC_VERSION_STRING "0.1.1"
| #define STDC_HEADERS 1
| #define HAVE_SYS_TYPES_H 1
| #define HAVE_SYS_STAT_H 1
| #define HAVE_STDLIB_H 1
| #define HAVE_STRING_H 1
| #define HAVE_MEMORY_H 1
| #define HAVE_STRINGS_H 1
| #define HAVE_INTTYPES_H 1
| #define HAVE_STDINT_H 1
| #define HAVE_UNISTD_H 1
| /* end confdefs.h.  */
| #include <stdio.h>
| #ifdef HAVE_SYS_TYPES_H
| # include <sys/types.h>
| #endif
| #ifdef HAVE_SYS_STAT_H
| # include <sys/stat.h>
| #endif
| #ifdef STDC_HEADERS
| # include <stdlib.h>
| # include <stddef.h>
| #else
| # ifdef HAVE_STDLIB_H
| #  include <stdlib.h>
| # endif
| #endif
| #ifdef HAVE_STRING_H
| # if !defined STDC_HEADERS && defined HAVE_MEMORY_H
| #  include <memory.h>
| # endif
| # include <string.h>
| #endif
| #ifdef HAVE_STRINGS_H
| # include <strings.h>
| #endif
| #ifdef HAVE_INTTYPES_H
| # include <inttypes.h>
| #endif
| #ifdef HAVE_STDINT_H
| # include <stdint.h>
| #endif
| #ifdef HAVE_UNISTD_H
| # include <unistd.h>
| #endif
| 	        enum { N = 8 / 2 - 1 };
| int
| main ()
| {
| static int test_array [1 - 2 * !((int8_t) (((((int8_t) 1 << N) << N) - 1) * 2 + 1)
| 		 < (int8_t) (((((int8_t) 1 << N) << N) - 1) * 2 + 2))];
| test_array [0] = 0
| 
|   ;
|   return 0;
| }
configure:4626: result: yes
configure:4637: checking for int16_t
configure:4637: gcc -c -g -O2  conftest.c >&5
configure:4637: $? = 0
configure:4637: gcc -c -g -O2  conftest.c >&5
conftest.c: In function 'main':
conftest.c:62:12: error: size of array 'test_array' is negative
 static int test_array [1 - 2 * !((int16_t) (((((int16_t) 1 << N) << N) - 1) * 2 + 1)
            ^
configure:4637: $? = 1
configure: failed program was:
| /* confdefs.h */
| #define PACKAGE_NAME "fatcache"
| #define PACKAGE_TARNAME "fatcache"
| #define PACKAGE_VERSION "0.1.1"
| #define PACKAGE_STRING "fatcache 0.1.1"
| #define PACKAGE_BUGREPORT "manj@twitter.com"
| #define PACKAGE_URL ""
| #define PACKAGE "fatcache"
| #define VERSION "0.1.1"
| #define FC_VERSION_MAJOR 0
| #define FC_VERSION_MINOR 1
| #define FC_VERSION_PATCH 1
| #define FC_VERSION_STRING "0.1.1"
| #define STDC_HEADERS 1
| #define HAVE_SYS_TYPES_H 1
| #define HAVE_SYS_STAT_H 1
| #define HAVE_STDLIB_H 1
| #define HAVE_STRING_H 1
| #define HAVE_MEMORY_H 1
| #define HAVE_STRINGS_H 1
| #define HAVE_INTTYPES_H 1
| #define HAVE_STDINT_H 1
| #define HAVE_UNISTD_H 1
| /* end confdefs.h.  */
| #include <stdio.h>
| #ifdef HAVE_SYS_TYPES_H
| # include <sys/types.h>
| #endif
| #ifdef HAVE_SYS_STAT_H
| # include <sys/stat.h>
| #endif
| #ifdef STDC_HEADERS
| # include <stdlib.h>
| # include <stddef.h>
| #else
| # ifdef HAVE_STDLIB_H
| #  include <stdlib.h>
| # endif
| #endif
| #ifdef HAVE_STRING_H
| # if !defined STDC_HEADERS && defined HAVE_MEMORY_H
| #  include <memory.h>
| # endif
| # include <string.h>
| #endif
| #ifdef HAVE_STRINGS_H
| # include <strings.h>
| #endif
| #ifdef HAVE_INTTYPES_H
| # include <inttypes.h>
| #endif
| #ifdef HAVE_STDINT_H
| # include <stdint.h>
| #endif
| #ifdef HAVE_UNISTD_H
| # include <unistd.h>
| #endif
| 	        enum { N = 16 / 2 - 1 };
| int
| main ()
| {
| static int test_array [1 - 2 * !((int16_t) (((((int16_t) 1 << N) << N) - 1) * 2 + 1)
| 		 < (int16_t) (((((int16_t) 1 << N) << N) - 1) * 2 + 2))];
| test_array [0] = 0
| 
|   ;
|   return 0;
| }
configure:4637: result: yes
configure:4648: checking for int32_t
configure:4648: gcc -c -g -O2  conftest.c >&5
configure:4648: $? = 0
configure:4648: gcc -c -g -O2  conftest.c >&5
conftest.c: In function 'main':
conftest.c:63:53: warning: integer overflow in expression [-Woverflow]
    < (int32_t) (((((int32_t) 1 << N) << N) - 1) * 2 + 2))];
                                                     ^
conftest.c:62:12: error: storage size of 'test_array' isn't constant
 static int test_array [1 - 2 * !((int32_t) (((((int32_t) 1 << N) << N) - 1) * 2 + 1)
            ^
configure:4648: $? = 1
configure: failed program was:
| /* confdefs.h */
| #define PACKAGE_NAME "fatcache"
| #define PACKAGE_TARNAME "fatcache"
| #define PACKAGE_VERSION "0.1.1"
| #define PACKAGE_STRING "fatcache 0.1.1"
| #define PACKAGE_BUGREPORT "manj@twitter.com"
| #define PACKAGE_URL ""
| #define PACKAGE "fatcache"
| #define VERSION "0.1.1"
| #define FC_VERSION_MAJOR 0
| #define FC_VERSION_MINOR 1
| #define FC_VERSION_PATCH 1
| #define FC_VERSION_STRING "0.1.1"
| #define STDC_HEADERS 1
| #define HAVE_SYS_TYPES_H 1
| #define HAVE_SYS_STAT_H 1
| #define HAVE_STDLIB_H 1
| #define HAVE_STRING_H 1
| #define HAVE_MEMORY_H 1
| #define HAVE_STRINGS_H 1
| #define HAVE_INTTYPES_H 1
| #define HAVE_STDINT_H 1
| #define HAVE_UNISTD_H 1
| /* end confdefs.h.  */
| #include <stdio.h>
| #ifdef HAVE_SYS_TYPES_H
| # include <sys/types.h>
| #endif
| #ifdef HAVE_SYS_STAT_H
| # include <sys/stat.h>
| #endif
| #ifdef STDC_HEADERS
| # include <stdlib.h>
| # include <stddef.h>
| #else
| # ifdef HAVE_STDLIB_H
| #  include <stdlib.h>
| # endif
| #endif
| #ifdef HAVE_STRING_H
| # if !defined STDC_HEADERS && defined HAVE_MEMORY_H
| #  include <memory.h>
| # endif
| # include <string.h>
| #endif
| #ifdef HAVE_STRINGS_H
| # include <strings.h>
| #endif
| #ifdef HAVE_INTTYPES_H
| # include <inttypes.h>
| #endif
| #ifdef HAVE_STDINT_H
| # include <stdint.h>
| #endif
| #ifdef HAVE_UNISTD_H
| # include <unistd.h>
| #endif
| 	        enum { N = 32 / 2 - 1 };
| int
| main ()
| {
| static int test_array [1 - 2 * !((int32_t) (((((int32_t) 1 << N) << N) - 1) * 2 + 1)
| 		 < (int32_t) (((((int32_t) 1 << N) << N) - 1) * 2 + 2))];
| test_array [0] = 0
| 
|   ;
|   return 0;
| }
configure:4648: result: yes
configure:4659: checking for int64_t
configure:4659: gcc -c -g -O2  conftest.c >&5
configure:4659: $? = 0
configure:4659: gcc -c -g -O2  conftest.c >&5
conftest.c: In function 'main':
conftest.c:63:53: warning: integer overflow in expression [-Woverflow]
    < (int64_t) (((((int64_t) 1 << N) << N) - 1) * 2 + 2))];
                                                     ^
conftest.c:62:12: error: storage size of 'test_array' isn't constant
 static int test_array [1 - 2 * !((int64_t) (((((int64_t) 1 << N) << N) - 1) * 2 + 1)
            ^
configure:4659: $? = 1
configure: failed program was:
| /* confdefs.h */
| #define PACKAGE_NAME "fatcache"
| #define PACKAGE_TARNAME "fatcache"
| #define PACKAGE_VERSION "0.1.1"
| #define PACKAGE_STRING "fatcache 0.1.1"
| #define PACKAGE_BUGREPORT "manj@twitter.com"
| #define PACKAGE_URL ""
| #define PACKAGE "fatcache"
| #define VERSION "0.1.1"
| #define FC_VERSION_MAJOR 0
| #define FC_VERSION_MINOR 1
| #define FC_VERSION_PATCH 1
| #define FC_VERSION_STRING "0.1.1"
| #define STDC_HEADERS 1
| #define HAVE_SYS_TYPES_H 1
| #define HAVE_SYS_STAT_H 1
| #define HAVE_STDLIB_H 1
| #define HAVE_STRING_H 1
| #define HAVE_MEMORY_H 1
| #define HAVE_STRINGS_H 1
| #define HAVE_INTTYPES_H 1
| #define HAVE_STDINT_H 1
| #define HAVE_UNISTD_H 1
| /* end confdefs.h.  */
| #include <stdio.h>
| #ifdef HAVE_SYS_TYPES_H
| # include <sys/types.h>
| #endif
| #ifdef HAVE_SYS_STAT_H
| # include <sys/stat.h>
| #endif
| #ifdef STDC_HEADERS
| # include <stdlib.h>
| # include <stddef.h>
| #else
| # ifdef HAVE_STDLIB_H
| #  include <stdlib.h>
| # endif
| #endif
| #ifdef HAVE_STRING_H
| # if !defined STDC_HEADERS && defined HAVE_MEMORY_H
| #  include <memory.h>
| # endif
| # include <string.h>
| #endif
| #ifdef HAVE_STRINGS_H
| # include <strings.h>
| #endif
| #ifdef HAVE_INTTYPES_H
| # include <inttypes.h>
| #endif
| #ifdef HAVE_STDINT_H
| # include <stdint.h>
| #endif
| #ifdef HAVE_UNISTD_H
| # include <unistd.h>
| #endif
| 	        enum { N = 64 / 2 - 1 };
| int
| main ()
| {
| static int test_array [1 - 2 * !((int64_t) (((((int64_t) 1 << N) << N) - 1) * 2 + 1)
| 		 < (int64_t) (((((int64_t) 1 << N) << N) - 1) * 2 + 2))];
| test_array [0] = 0
| 
|   ;
|   return 0;
| }
configure:4659: result: yes
configure:4671: checking for long long int
configure:4708: gcc -o conftest -g -O2   conftest.c  >&5
configure:4708: $? = 0
configure:4738: gcc -o conftest -g -O2   conftest.c  >&5
configure:4738: $? = 0
configure:4738: ./conftest
configure:4738: $? = 0
configure:4753: result: yes
configure:4763: checking for intmax_t
configure:4763: gcc -c -g -O2  conftest.c >&5
configure:4763: $? = 0
configure:4763: gcc -c -g -O2  conftest.c >&5
conftest.c: In function 'main':
conftest.c:62:23: error: expected expression before ')' token
 if (sizeof ((intmax_t)))
                       ^
configure:4763: $? = 1
configure: failed program was:
| /* confdefs.h */
| #define PACKAGE_NAME "fatcache"
| #define PACKAGE_TARNAME "fatcache"
| #define PACKAGE_VERSION "0.1.1"
| #define PACKAGE_STRING "fatcache 0.1.1"
| #define PACKAGE_BUGREPORT "manj@twitter.com"
| #define PACKAGE_URL ""
| #define PACKAGE "fatcache"
| #define VERSION "0.1.1"
| #define FC_VERSION_MAJOR 0
| #define FC_VERSION_MINOR 1
| #define FC_VERSION_PATCH 1
| #define FC_VERSION_STRING "0.1.1"
| #define STDC_HEADERS 1
| #define HAVE_SYS_TYPES_H 1
| #define HAVE_SYS_STAT_H 1
| #define HAVE_STDLIB_H 1
| #define HAVE_STRING_H 1
| #define HAVE_MEMORY_H 1
| #define HAVE_STRINGS_H 1
| #define HAVE_INTTYPES_H 1
| #define HAVE_STDINT_H 1
| #define HAVE_UNISTD_H 1
| #define HAVE_LONG_LONG_INT 1
| /* end confdefs.h.  */
| #include <stdio.h>
| #ifdef HAVE_SYS_TYPES_H
| # include <sys/types.h>
| #endif
| #ifdef HAVE_SYS_STAT_H
| # include <sys/stat.h>
| #endif
| #ifdef STDC_HEADERS
| # include <stdlib.h>
| # include <stddef.h>
| #else
| # ifdef HAVE_STDLIB_H
| #  include <stdlib.h>
| # endif
| #endif
| #ifdef HAVE_STRING_H
| # if !defined STDC_HEADERS && defined HAVE_MEMORY_H
| #  include <memory.h>
| # endif
| # include <string.h>
| #endif
| #ifdef HAVE_STRINGS_H
| # include <strings.h>
| #endif
| #ifdef HAVE_INTTYPES_H
| # include <inttypes.h>
| #endif
| #ifdef HAVE_STDINT_H
| # include <stdint.h>
| #endif
| #ifdef HAVE_UNISTD_H
| # include <unistd.h>
| #endif
| int
| main ()
| {
| if (sizeof ((intmax_t)))
| 	    return 0;
|   ;
|   return 0;
| }
configure:4763: result: yes
configure:4781: checking for intptr_t
configure:4781: gcc -c -g -O2  conftest.c >&5
configure:4781: $? = 0
configure:4781: gcc -c -g -O2  conftest.c >&5
conftest.c: In function 'main':
conftest.c:63:23: error: expected expression before ')' token
 if (sizeof ((intptr_t)))
                       ^
configure:4781: $? = 1
configure: failed program was:
| /* confdefs.h */
| #define PACKAGE_NAME "fatcache"
| #define PACKAGE_TARNAME "fatcache"
| #define PACKAGE_VERSION "0.1.1"
| #define PACKAGE_STRING "fatcache 0.1.1"
| #define PACKAGE_BUGREPORT "manj@twitter.com"
| #define PACKAGE_URL ""
| #define PACKAGE "fatcache"
| #define VERSION "0.1.1"
| #define FC_VERSION_MAJOR 0
| #define FC_VERSION_MINOR 1
| #define FC_VERSION_PATCH 1
| #define FC_VERSION_STRING "0.1.1"
| #define STDC_HEADERS 1
| #define HAVE_SYS_TYPES_H 1
| #define HAVE_SYS_STAT_H 1
| #define HAVE_STDLIB_H 1
| #define HAVE_STRING_H 1
| #define HAVE_MEMORY_H 1
| #define HAVE_STRINGS_H 1
| #define HAVE_INTTYPES_H 1
| #define HAVE_STDINT_H 1
| #define HAVE_UNISTD_H 1
| #define HAVE_LONG_LONG_INT 1
| #define HAVE_INTMAX_T 1
| /* end confdefs.h.  */
| #include <stdio.h>
| #ifdef HAVE_SYS_TYPES_H
| # include <sys/types.h>
| #endif
| #ifdef HAVE_SYS_STAT_H
| # include <sys/stat.h>
| #endif
| #ifdef STDC_HEADERS
| # include <stdlib.h>
| # include <stddef.h>
| #else
| # ifdef HAVE_STDLIB_H
| #  include <stdlib.h>
| # endif
| #endif
| #ifdef HAVE_STRING_H
| # if !defined STDC_HEADERS && defined HAVE_MEMORY_H
| #  include <memory.h>
| # endif
| # include <string.h>
| #endif
| #ifdef HAVE_STRINGS_H
| # include <strings.h>
| #endif
| #ifdef HAVE_INTTYPES_H
| # include <inttypes.h>
| #endif
| #ifdef HAVE_STDINT_H
| # include <stdint.h>
| #endif
| #ifdef HAVE_UNISTD_H
| # include <unistd.h>
| #endif
| int
| main ()
| {
| if (sizeof ((intptr_t)))
| 	    return 0;
|   ;
|   return 0;
| }
configure:4781: result: yes
configure:4815: checking for uint8_t
configure:4815: gcc -c -g -O2  conftest.c >&5
configure:4815: $? = 0
configure:4815: result: yes
configure:4829: checking for uint16_t
configure:4829: gcc -c -g -O2  conftest.c >&5
configure:4829: $? = 0
configure:4829: result: yes
configure:4841: checking for uint32_t
configure:4841: gcc -c -g -O2  conftest.c >&5
configure:4841: $? = 0
configure:4841: result: yes
configure:4855: checking for uint64_t
configure:4855: gcc -c -g -O2  conftest.c >&5
configure:4855: $? = 0
configure:4855: result: yes
configure:4870: checking for unsigned long long int
configure:4907: gcc -o conftest -g -O2   conftest.c  >&5
configure:4907: $? = 0
configure:4915: result: yes
configure:4925: checking for uintmax_t
configure:4925: gcc -c -g -O2  conftest.c >&5
configure:4925: $? = 0
configure:4925: gcc -c -g -O2  conftest.c >&5
conftest.c: In function 'main':
conftest.c:65:24: error: expected expression before ')' token
 if (sizeof ((uintmax_t)))
                        ^
configure:4925: $? = 1
configure: failed program was:
| /* confdefs.h */
| #define PACKAGE_NAME "fatcache"
| #define PACKAGE_TARNAME "fatcache"
| #define PACKAGE_VERSION "0.1.1"
| #define PACKAGE_STRING "fatcache 0.1.1"
| #define PACKAGE_BUGREPORT "manj@twitter.com"
| #define PACKAGE_URL ""
| #define PACKAGE "fatcache"
| #define VERSION "0.1.1"
| #define FC_VERSION_MAJOR 0
| #define FC_VERSION_MINOR 1
| #define FC_VERSION_PATCH 1
| #define FC_VERSION_STRING "0.1.1"
| #define STDC_HEADERS 1
| #define HAVE_SYS_TYPES_H 1
| #define HAVE_SYS_STAT_H 1
| #define HAVE_STDLIB_H 1
| #define HAVE_STRING_H 1
| #define HAVE_MEMORY_H 1
| #define HAVE_STRINGS_H 1
| #define HAVE_INTTYPES_H 1
| #define HAVE_STDINT_H 1
| #define HAVE_UNISTD_H 1
| #define HAVE_LONG_LONG_INT 1
| #define HAVE_INTMAX_T 1
| #define HAVE_INTPTR_T 1
| #define HAVE_UNSIGNED_LONG_LONG_INT 1
| /* end confdefs.h.  */
| #include <stdio.h>
| #ifdef HAVE_SYS_TYPES_H
| # include <sys/types.h>
| #endif
| #ifdef HAVE_SYS_STAT_H
| # include <sys/stat.h>
| #endif
| #ifdef STDC_HEADERS
| # include <stdlib.h>
| # include <stddef.h>
| #else
| # ifdef HAVE_STDLIB_H
| #  include <stdlib.h>
| # endif
| #endif
| #ifdef HAVE_STRING_H
| # if !defined STDC_HEADERS && defined HAVE_MEMORY_H
| #  include <memory.h>
| # endif
| # include <string.h>
| #endif
| #ifdef HAVE_STRINGS_H
| # include <strings.h>
| #endif
| #ifdef HAVE_INTTYPES_H
| # include <inttypes.h>
| #endif
| #ifdef HAVE_STDINT_H
| # include <stdint.h>
| #endif
| #ifdef HAVE_UNISTD_H
| # include <unistd.h>
| #endif
| int
| main ()
| {
| if (sizeof ((uintmax_t)))
| 	    return 0;
|   ;
|   return 0;
| }
configure:4925: result: yes
configure:4943: checking for uintptr_t
configure:4943: gcc -c -g -O2  conftest.c >&5
configure:4943: $? = 0
configure:4943: gcc -c -g -O2  conftest.c >&5
conftest.c: In function 'main':
conftest.c:66:24: error: expected expression before ')' token
 if (sizeof ((uintptr_t)))
                        ^
configure:4943: $? = 1
configure: failed program was:
| /* confdefs.h */
| #define PACKAGE_NAME "fatcache"
| #define PACKAGE_TARNAME "fatcache"
| #define PACKAGE_VERSION "0.1.1"
| #define PACKAGE_STRING "fatcache 0.1.1"
| #define PACKAGE_BUGREPORT "manj@twitter.com"
| #define PACKAGE_URL ""
| #define PACKAGE "fatcache"
| #define VERSION "0.1.1"
| #define FC_VERSION_MAJOR 0
| #define FC_VERSION_MINOR 1
| #define FC_VERSION_PATCH 1
| #define FC_VERSION_STRING "0.1.1"
| #define STDC_HEADERS 1
| #define HAVE_SYS_TYPES_H 1
| #define HAVE_SYS_STAT_H 1
| #define HAVE_STDLIB_H 1
| #define HAVE_STRING_H 1
| #define HAVE_MEMORY_H 1
| #define HAVE_STRINGS_H 1
| #define HAVE_INTTYPES_H 1
| #define HAVE_STDINT_H 1
| #define HAVE_UNISTD_H 1
| #define HAVE_LONG_LONG_INT 1
| #define HAVE_INTMAX_T 1
| #define HAVE_INTPTR_T 1
| #define HAVE_UNSIGNED_LONG_LONG_INT 1
| #define HAVE_UINTMAX_T 1
| /* end confdefs.h.  */
| #include <stdio.h>
| #ifdef HAVE_SYS_TYPES_H
| # include <sys/types.h>
| #endif
| #ifdef HAVE_SYS_STAT_H
| # include <sys/stat.h>
| #endif
| #ifdef STDC_HEADERS
| # include <stdlib.h>
| # include <stddef.h>
| #else
| # ifdef HAVE_STDLIB_H
| #  include <stdlib.h>
| # endif
| #endif
| #ifdef HAVE_STRING_H
| # if !defined STDC_HEADERS && defined HAVE_MEMORY_H
| #  include <memory.h>
| # endif
| # include <string.h>
| #endif
| #ifdef HAVE_STRINGS_H
| # include <strings.h>
| #endif
| #ifdef HAVE_INTTYPES_H
| # include <inttypes.h>
| #endif
| #ifdef HAVE_STDINT_H
| # include <stdint.h>
| #endif
| #ifdef HAVE_UNISTD_H
| # include <unistd.h>
| #endif
| int
| main ()
| {
| if (sizeof ((uintptr_t)))
| 	    return 0;
|   ;
|   return 0;
| }
configure:4943: result: yes
configure:4978: checking for off_t
configure:4978: gcc -c -g -O2  conftest.c >&5
configure:4978: $? = 0
configure:4978: gcc -c -g -O2  conftest.c >&5
conftest.c: In function 'main':
conftest.c:67:20: error: expected expression before ')' token
 if (sizeof ((off_t)))
                    ^
configure:4978: $? = 1
configure: failed program was:
| /* confdefs.h */
| #define PACKAGE_NAME "fatcache"
| #define PACKAGE_TARNAME "fatcache"
| #define PACKAGE_VERSION "0.1.1"
| #define PACKAGE_STRING "fatcache 0.1.1"
| #define PACKAGE_BUGREPORT "manj@twitter.com"
| #define PACKAGE_URL ""
| #define PACKAGE "fatcache"
| #define VERSION "0.1.1"
| #define FC_VERSION_MAJOR 0
| #define FC_VERSION_MINOR 1
| #define FC_VERSION_PATCH 1
| #define FC_VERSION_STRING "0.1.1"
| #define STDC_HEADERS 1
| #define HAVE_SYS_TYPES_H 1
| #define HAVE_SYS_STAT_H 1
| #define HAVE_STDLIB_H 1
| #define HAVE_STRING_H 1
| #define HAVE_MEMORY_H 1
| #define HAVE_STRINGS_H 1
| #define HAVE_INTTYPES_H 1
| #define HAVE_STDINT_H 1
| #define HAVE_UNISTD_H 1
| #define HAVE_LONG_LONG_INT 1
| #define HAVE_INTMAX_T 1
| #define HAVE_INTPTR_T 1
| #define HAVE_UNSIGNED_LONG_LONG_INT 1
| #define HAVE_UINTMAX_T 1
| #define HAVE_UINTPTR_T 1
| /* end confdefs.h.  */
| #include <stdio.h>
| #ifdef HAVE_SYS_TYPES_H
| # include <sys/types.h>
| #endif
| #ifdef HAVE_SYS_STAT_H
| # include <sys/stat.h>
| #endif
| #ifdef STDC_HEADERS
| # include <stdlib.h>
| # include <stddef.h>
| #else
| # ifdef HAVE_STDLIB_H
| #  include <stdlib.h>
| # endif
| #endif
| #ifdef HAVE_STRING_H
| # if !defined STDC_HEADERS && defined HAVE_MEMORY_H
| #  include <memory.h>
| # endif
| # include <string.h>
| #endif
| #ifdef HAVE_STRINGS_H
| # include <strings.h>
| #endif
| #ifdef HAVE_INTTYPES_H
| # include <inttypes.h>
| #endif
| #ifdef HAVE_STDINT_H
| # include <stdint.h>
| #endif
| #ifdef HAVE_UNISTD_H
| # include <unistd.h>
| #endif
| int
| main ()
| {
| if (sizeof ((off_t)))
| 	    return 0;
|   ;
|   return 0;
| }
configure:4978: result: yes
configure:4989: checking for pid_t
configure:4989: gcc -c -g -O2  conftest.c >&5
configure:4989: $? = 0
configure:4989: gcc -c -g -O2  conftest.c >&5
conftest.c: In function 'main':
conftest.c:67:20: error: expected expression before ')' token
 if (sizeof ((pid_t)))
                    ^
configure:4989: $? = 1
configure: failed program was:
| /* confdefs.h */
| #define PACKAGE_NAME "fatcache"
| #define PACKAGE_TARNAME "fatcache"
| #define PACKAGE_VERSION "0.1.1"
| #define PACKAGE_STRING "fatcache 0.1.1"
| #define PACKAGE_BUGREPORT "manj@twitter.com"
| #define PACKAGE_URL ""
| #define PACKAGE "fatcache"
| #define VERSION "0.1.1"
| #define FC_VERSION_MAJOR 0
| #define FC_VERSION_MINOR 1
| #define FC_VERSION_PATCH 1
| #define FC_VERSION_STRING "0.1.1"
| #define STDC_HEADERS 1
| #define HAVE_SYS_TYPES_H 1
| #define HAVE_SYS_STAT_H 1
| #define HAVE_STDLIB_H 1
| #define HAVE_STRING_H 1
| #define HAVE_MEMORY_H 1
| #define HAVE_STRINGS_H 1
| #define HAVE_INTTYPES_H 1
| #define HAVE_STDINT_H 1
| #define HAVE_UNISTD_H 1
| #define HAVE_LONG_LONG_INT 1
| #define HAVE_INTMAX_T 1
| #define HAVE_INTPTR_T 1
| #define HAVE_UNSIGNED_LONG_LONG_INT 1
| #define HAVE_UINTMAX_T 1
| #define HAVE_UINTPTR_T 1
| /* end confdefs.h.  */
| #include <stdio.h>
| #ifdef HAVE_SYS_TYPES_H
| # include <sys/types.h>
| #endif
| #ifdef HAVE_SYS_STAT_H
| # include <sys/stat.h>
| #endif
| #ifdef STDC_HEADERS
| # include <stdlib.h>
| # include <stddef.h>
| #else
| # ifdef HAVE_STDLIB_H
| #  include <stdlib.h>
| # endif
| #endif
| #ifdef HAVE_STRING_H
| # if !defined STDC_HEADERS && defined HAVE_MEMORY_H
| #  include <memory.h>
| # endif
| # include <string.h>
| #endif
| #ifdef HAVE_STRINGS_H
| # include <strings.h>
| #endif
| #ifdef HAVE_INTTYPES_H
| # include <inttypes.h>
| #endif
| #ifdef HAVE_STDINT_H
| # include <stdint.h>
| #endif
| #ifdef HAVE_UNISTD_H
| # include <unistd.h>
| #endif
| int
| main ()
| {
| if (sizeof ((pid_t)))
| 	    return 0;
|   ;
|   return 0;
| }
configure:4989: result: yes
configure:5000: checking for size_t
configure:5000: gcc -c -g -O2  conftest.c >&5
configure:5000: $? = 0
configure:5000: gcc -c -g -O2  conftest.c >&5
conftest.c: In function 'main':
conftest.c:67:21: error: expected expression before ')' token
 if (sizeof ((size_t)))
                     ^
configure:5000: $? = 1
configure: failed program was:
| /* confdefs.h */
| #define PACKAGE_NAME "fatcache"
| #define PACKAGE_TARNAME "fatcache"
| #define PACKAGE_VERSION "0.1.1"
| #define PACKAGE_STRING "fatcache 0.1.1"
| #define PACKAGE_BUGREPORT "manj@twitter.com"
| #define PACKAGE_URL ""
| #define PACKAGE "fatcache"
| #define VERSION "0.1.1"
| #define FC_VERSION_MAJOR 0
| #define FC_VERSION_MINOR 1
| #define FC_VERSION_PATCH 1
| #define FC_VERSION_STRING "0.1.1"
| #define STDC_HEADERS 1
| #define HAVE_SYS_TYPES_H 1
| #define HAVE_SYS_STAT_H 1
| #define HAVE_STDLIB_H 1
| #define HAVE_STRING_H 1
| #define HAVE_MEMORY_H 1
| #define HAVE_STRINGS_H 1
| #define HAVE_INTTYPES_H 1
| #define HAVE_STDINT_H 1
| #define HAVE_UNISTD_H 1
| #define HAVE_LONG_LONG_INT 1
| #define HAVE_INTMAX_T 1
| #define HAVE_INTPTR_T 1
| #define HAVE_UNSIGNED_LONG_LONG_INT 1
| #define HAVE_UINTMAX_T 1
| #define HAVE_UINTPTR_T 1
| /* end confdefs.h.  */
| #include <stdio.h>
| #ifdef HAVE_SYS_TYPES_H
| # include <sys/types.h>
| #endif
| #ifdef HAVE_SYS_STAT_H
| # include <sys/stat.h>
| #endif
| #ifdef STDC_HEADERS
| # include <stdlib.h>
| # include <stddef.h>
| #else
| # ifdef HAVE_STDLIB_H
| #  include <stdlib.h>
| # endif
| #endif
| #ifdef HAVE_STRING_H
| # if !defined STDC_HEADERS && defined HAVE_MEMORY_H
| #  include <memory.h>
| # endif
| # include <string.h>
| #endif
| #ifdef HAVE_STRINGS_H
| # include <strings.h>
| #endif
| #ifdef HAVE_INTTYPES_H
| # include <inttypes.h>
| #endif
| #ifdef HAVE_STDINT_H
| # include <stdint.h>
| #endif
| #ifdef HAVE_UNISTD_H
| # include <unistd.h>
| #endif
| int
| main ()
| {
| if (sizeof ((size_t)))
| 	    return 0;
|   ;
|   return 0;
| }
configure:5000: result: yes
configure:5011: checking for ssize_t
configure:5011: gcc -c -g -O2  conftest.c >&5
configure:5011: $? = 0
configure:5011: gcc -c -g -O2  conftest.c >&5
conftest.c: In function 'main':
conftest.c:67:22: error: expected expression before ')' token
 if (sizeof ((ssize_t)))
                      ^
configure:5011: $? = 1
configure: failed program was:
| /* confdefs.h */
| #define PACKAGE_NAME "fatcache"
| #define PACKAGE_TARNAME "fatcache"
| #define PACKAGE_VERSION "0.1.1"
| #define PACKAGE_STRING "fatcache 0.1.1"
| #define PACKAGE_BUGREPORT "manj@twitter.com"
| #define PACKAGE_URL ""
| #define PACKAGE "fatcache"
| #define VERSION "0.1.1"
| #define FC_VERSION_MAJOR 0
| #define FC_VERSION_MINOR 1
| #define FC_VERSION_PATCH 1
| #define FC_VERSION_STRING "0.1.1"
| #define STDC_HEADERS 1
| #define HAVE_SYS_TYPES_H 1
| #define HAVE_SYS_STAT_H 1
| #define HAVE_STDLIB_H 1
| #define HAVE_STRING_H 1
| #define HAVE_MEMORY_H 1
| #define HAVE_STRINGS_H 1
| #define HAVE_INTTYPES_H 1
| #define HAVE_STDINT_H 1
| #define HAVE_UNISTD_H 1
| #define HAVE_LONG_LONG_INT 1
| #define HAVE_INTMAX_T 1
| #define HAVE_INTPTR_T 1
| #define HAVE_UNSIGNED_LONG_LONG_INT 1
| #define HAVE_UINTMAX_T 1
| #define HAVE_UINTPTR_T 1
| /* end confdefs.h.  */
| #include <stdio.h>
| #ifdef HAVE_SYS_TYPES_H
| # include <sys/types.h>
| #endif
| #ifdef HAVE_SYS_STAT_H
| # include <sys/stat.h>
| #endif
| #ifdef STDC_HEADERS
| # include <stdlib.h>
| # include <stddef.h>
| #else
| # ifdef HAVE_STDLIB_H
| #  include <stdlib.h>
| # endif
| #endif
| #ifdef HAVE_STRING_H
| # if !defined STDC_HEADERS && defined HAVE_MEMORY_H
| #  include <memory.h>
| # endif
| # include <string.h>
| #endif
| #ifdef HAVE_STRINGS_H
| # include <strings.h>
| #endif
| #ifdef HAVE_INTTYPES_H
| # include <inttypes.h>
| #endif
| #ifdef HAVE_STDINT_H
| # include <stdint.h>
| #endif
| #ifdef HAVE_UNISTD_H
| # include <unistd.h>
| #endif
| int
| main ()
| {
| if (sizeof ((ssize_t)))
| 	    return 0;
|   ;
|   return 0;
| }
configure:5011: result: yes
configure:5022: checking for uid_t in sys/types.h
configure:5041: result: yes
configure:5054: checking for stdbool.h that conforms to C99
configure:5121: gcc -c -g -O2  conftest.c >&5
configure:5121: $? = 0
configure:5128: result: yes
configure:5130: checking for _Bool
configure:5130: gcc -c -g -O2  conftest.c >&5
configure:5130: $? = 0
configure:5130: gcc -c -g -O2  conftest.c >&5
conftest.c: In function 'main':
conftest.c:67:20: error: expected expression before ')' token
 if (sizeof ((_Bool)))
                    ^
configure:5130: $? = 1
configure: failed program was:
| /* confdefs.h */
| #define PACKAGE_NAME "fatcache"
| #define PACKAGE_TARNAME "fatcache"
| #define PACKAGE_VERSION "0.1.1"
| #define PACKAGE_STRING "fatcache 0.1.1"
| #define PACKAGE_BUGREPORT "manj@twitter.com"
| #define PACKAGE_URL ""
| #define PACKAGE "fatcache"
| #define VERSION "0.1.1"
| #define FC_VERSION_MAJOR 0
| #define FC_VERSION_MINOR 1
| #define FC_VERSION_PATCH 1
| #define FC_VERSION_STRING "0.1.1"
| #define STDC_HEADERS 1
| #define HAVE_SYS_TYPES_H 1
| #define HAVE_SYS_STAT_H 1
| #define HAVE_STDLIB_H 1
| #define HAVE_STRING_H 1
| #define HAVE_MEMORY_H 1
| #define HAVE_STRINGS_H 1
| #define HAVE_INTTYPES_H 1
| #define HAVE_STDINT_H 1
| #define HAVE_UNISTD_H 1
| #define HAVE_LONG_LONG_INT 1
| #define HAVE_INTMAX_T 1
| #define HAVE_INTPTR_T 1
| #define HAVE_UNSIGNED_LONG_LONG_INT 1
| #define HAVE_UINTMAX_T 1
| #define HAVE_UINTPTR_T 1
| /* end confdefs.h.  */
| #include <stdio.h>
| #ifdef HAVE_SYS_TYPES_H
| # include <sys/types.h>
| #endif
| #ifdef HAVE_SYS_STAT_H
| # include <sys/stat.h>
| #endif
| #ifdef STDC_HEADERS
| # include <stdlib.h>
| # include <stddef.h>
| #else
| # ifdef HAVE_STDLIB_H
| #  include <stdlib.h>
| # endif
| #endif
| #ifdef HAVE_STRING_H
| # if !defined STDC_HEADERS && defined HAVE_MEMORY_H
| #  include <memory.h>
| # endif
| # include <string.h>
| #endif
| #ifdef HAVE_STRINGS_H
| # include <strings.h>
| #endif
| #ifdef HAVE_INTTYPES_H
| # include <inttypes.h>
| #endif
| #ifdef HAVE_STDINT_H
| # include <stdint.h>
| #endif
| #ifdef HAVE_UNISTD_H
| # include <unistd.h>
| #endif
| int
| main ()
| {
| if (sizeof ((_Bool)))
| 	    return 0;
|   ;
|   return 0;
| }
configure:5130: result: yes
configure:5149: checking fcntl.h usability
configure:5149: gcc -c -g -O2  conftest.c >&5
configure:5149: $? = 0
configure:5149: result: yes
configure:5149: checking fcntl.h presence
configure:5149: gcc -E  conftest.c
configure:5149: $? = 0
configure:5149: result: yes
configure:5149: checking for fcntl.h
configure:5149: result: yes
configure:5149: checking float.h usability
configure:5149: gcc -c -g -O2  conftest.c >&5
configure:5149: $? = 0
configure:5149: result: yes
configure:5149: checking float.h presence
configure:5149: gcc -E  conftest.c
configure:5149: $? = 0
configure:5149: result: yes
configure:5149: checking for float.h
configure:5149: result: yes
configure:5149: checking limits.h usability
configure:5149: gcc -c -g -O2  conftest.c >&5
configure:5149: $? = 0
configure:5149: result: yes
configure:5149: checking limits.h presence
configure:5149: gcc -E  conftest.c
configure:5149: $? = 0
configure:5149: result: yes
configure:5149: checking for limits.h
configure:5149: result: yes
configure:5149: checking stddef.h usability
configure:5149: gcc -c -g -O2  conftest.c >&5
configure:5149: $? = 0
configure:5149: result: yes
configure:5149: checking stddef.h presence
configure:5149: gcc -E  conftest.c
configure:5149: $? = 0
configure:5149: result: yes
configure:5149: checking for stddef.h
configure:5149: result: yes
configure:5149: checking for stdlib.h
configure:5149: result: yes
configure:5149: checking for string.h
configure:5149: result: yes
configure:5149: checking for unistd.h
configure:5149: result: yes
configure:5162: checking for inttypes.h
configure:5162: result: yes
configure:5162: checking for stdint.h
configure:5162: result: yes
configure:5175: checking sys/ioctl.h usability
configure:5175: gcc -c -g -O2  conftest.c >&5
configure:5175: $? = 0
configure:5175: result: yes
configure:5175: checking sys/ioctl.h presence
configure:5175: gcc -E  conftest.c
configure:5175: $? = 0
configure:5175: result: yes
configure:5175: checking for sys/ioctl.h
configure:5175: result: yes
configure:5175: checking sys/time.h usability
configure:5175: gcc -c -g -O2  conftest.c >&5
configure:5175: $? = 0
configure:5175: result: yes
configure:5175: checking sys/time.h presence
configure:5175: gcc -E  conftest.c
configure:5175: $? = 0
configure:5175: result: yes
configure:5175: checking for sys/time.h
configure:5175: result: yes
configure:5175: checking sys/uio.h usability
configure:5175: gcc -c -g -O2  conftest.c >&5
configure:5175: $? = 0
configure:5175: result: yes
configure:5175: checking sys/uio.h presence
configure:5175: gcc -E  conftest.c
configure:5175: $? = 0
configure:5175: result: yes
configure:5175: checking for sys/uio.h
configure:5175: result: yes
configure:5188: checking sys/socket.h usability
configure:5188: gcc -c -g -O2  conftest.c >&5
configure:5188: $? = 0
configure:5188: result: yes
configure:5188: checking sys/socket.h presence
configure:5188: gcc -E  conftest.c
configure:5188: $? = 0
configure:5188: result: yes
configure:5188: checking for sys/socket.h
configure:5188: result: yes
configure:5188: checking sys/un.h usability
configure:5188: gcc -c -g -O2  conftest.c >&5
configure:5188: $? = 0
configure:5188: result: yes
configure:5188: checking sys/un.h presence
configure:5188: gcc -E  conftest.c
configure:5188: $? = 0
configure:5188: result: yes
configure:5188: checking for sys/un.h
configure:5188: result: yes
configure:5188: checking netinet/in.h usability
configure:5188: gcc -c -g -O2  conftest.c >&5
configure:5188: $? = 0
configure:5188: result: yes
configure:5188: checking netinet/in.h presence
configure:5188: gcc -E  conftest.c
configure:5188: $? = 0
configure:5188: result: yes
configure:5188: checking for netinet/in.h
configure:5188: result: yes
configure:5188: checking arpa/inet.h usability
configure:5188: gcc -c -g -O2  conftest.c >&5
configure:5188: $? = 0
configure:5188: result: yes
configure:5188: checking arpa/inet.h presence
configure:5188: gcc -E  conftest.c
configure:5188: $? = 0
configure:5188: result: yes
configure:5188: checking for arpa/inet.h
configure:5188: result: yes
configure:5188: checking netdb.h usability
configure:5188: gcc -c -g -O2  conftest.c >&5
configure:5188: $? = 0
configure:5188: result: yes
configure:5188: checking netdb.h presence
configure:5188: gcc -E  conftest.c
configure:5188: $? = 0
configure:5188: result: yes
configure:5188: checking for netdb.h
configure:5188: result: yes
configure:5200: checking sys/epoll.h usability
configure:5200: gcc -c -g -O2  conftest.c >&5
configure:5200: $? = 0
configure:5200: result: yes
configure:5200: checking sys/epoll.h presence
configure:5200: gcc -E  conftest.c
configure:5200: $? = 0
configure:5200: result: yes
configure:5200: checking for sys/epoll.h
configure:5200: result: yes
configure:5216: checking vfork.h usability
configure:5216: gcc -c -g -O2  conftest.c >&5
conftest.c:84:19: fatal error: vfork.h: No such file or directory
 #include <vfork.h>
                   ^
compilation terminated.
configure:5216: $? = 1
configure: failed program was:
| /* confdefs.h */
| #define PACKAGE_NAME "fatcache"
| #define PACKAGE_TARNAME "fatcache"
| #define PACKAGE_VERSION "0.1.1"
| #define PACKAGE_STRING "fatcache 0.1.1"
| #define PACKAGE_BUGREPORT "manj@twitter.com"
| #define PACKAGE_URL ""
| #define PACKAGE "fatcache"
| #define VERSION "0.1.1"
| #define FC_VERSION_MAJOR 0
| #define FC_VERSION_MINOR 1
| #define FC_VERSION_PATCH 1
| #define FC_VERSION_STRING "0.1.1"
| #define STDC_HEADERS 1
| #define HAVE_SYS_TYPES_H 1
| #define HAVE_SYS_STAT_H 1
| #define HAVE_STDLIB_H 1
| #define HAVE_STRING_H 1
| #define HAVE_MEMORY_H 1
| #define HAVE_STRINGS_H 1
| #define HAVE_INTTYPES_H 1
| #define HAVE_STDINT_H 1
| #define HAVE_UNISTD_H 1
| #define HAVE_LONG_LONG_INT 1
| #define HAVE_INTMAX_T 1
| #define HAVE_INTPTR_T 1
| #define HAVE_UNSIGNED_LONG_LONG_INT 1
| #define HAVE_UINTMAX_T 1
| #define HAVE_UINTPTR_T 1
| #define HAVE__BOOL 1
| #define HAVE_STDBOOL_H 1
| #define HAVE_FCNTL_H 1
| #define HAVE_FLOAT_H 1
| #define HAVE_LIMITS_H 1
| #define HAVE_STDDEF_H 1
| #define HAVE_STDLIB_H 1
| #define HAVE_STRING_H 1
| #define HAVE_UNISTD_H 1
| #define HAVE_INTTYPES_H 1
| #define HAVE_STDINT_H 1
| #define HAVE_SYS_IOCTL_H 1
| #define HAVE_SYS_TIME_H 1
| #define HAVE_SYS_UIO_H 1
| #define HAVE_SYS_SOCKET_H 1
| #define HAVE_SYS_UN_H 1
| #define HAVE_NETINET_IN_H 1
| #define HAVE_ARPA_INET_H 1
| #define HAVE_NETDB_H 1
| #define HAVE_SYS_EPOLL_H 1
| /* end confdefs.h.  */
| #include <stdio.h>
| #ifdef HAVE_SYS_TYPES_H
| # include <sys/types.h>
| #endif
| #ifdef HAVE_SYS_STAT_H
| # include <sys/stat.h>
| #endif
| #ifdef STDC_HEADERS
| # include <stdlib.h>
| # include <stddef.h>
| #else
| # ifdef HAVE_STDLIB_H
| #  include <stdlib.h>
| # endif
| #endif
| #ifdef HAVE_STRING_H
| # if !defined STDC_HEADERS && defined HAVE_MEMORY_H
| #  include <memory.h>
| # endif
| # include <string.h>
| #endif
| #ifdef HAVE_STRINGS_H
| # include <strings.h>
| #endif
| #ifdef HAVE_INTTYPES_H
| # include <inttypes.h>
| #endif
| #ifdef HAVE_STDINT_H
| # include <stdint.h>
| #endif
| #ifdef HAVE_UNISTD_H
| # include <unistd.h>
| #endif
| #include <vfork.h>
configure:5216: result: no
configure:5216: checking vfork.h presence
configure:5216: gcc -E  conftest.c
conftest.c:51:19: fatal error: vfork.h: No such file or directory
 #include <vfork.h>
                   ^
compilation terminated.
configure:5216: $? = 1
configure: failed program was:
| /* confdefs.h */
| #define PACKAGE_NAME "fatcache"
| #define PACKAGE_TARNAME "fatcache"
| #define PACKAGE_VERSION "0.1.1"
| #define PACKAGE_STRING "fatcache 0.1.1"
| #define PACKAGE_BUGREPORT "manj@twitter.com"
| #define PACKAGE_URL ""
| #define PACKAGE "fatcache"
| #define VERSION "0.1.1"
| #define FC_VERSION_MAJOR 0
| #define FC_VERSION_MINOR 1
| #define FC_VERSION_PATCH 1
| #define FC_VERSION_STRING "0.1.1"
| #define STDC_HEADERS 1
| #define HAVE_SYS_TYPES_H 1
| #define HAVE_SYS_STAT_H 1
| #define HAVE_STDLIB_H 1
| #define HAVE_STRING_H 1
| #define HAVE_MEMORY_H 1
| #define HAVE_STRINGS_H 1
| #define HAVE_INTTYPES_H 1
| #define HAVE_STDINT_H 1
| #define HAVE_UNISTD_H 1
| #define HAVE_LONG_LONG_INT 1
| #define HAVE_INTMAX_T 1
| #define HAVE_INTPTR_T 1
| #define HAVE_UNSIGNED_LONG_LONG_INT 1
| #define HAVE_UINTMAX_T 1
| #define HAVE_UINTPTR_T 1
| #define HAVE__BOOL 1
| #define HAVE_STDBOOL_H 1
| #define HAVE_FCNTL_H 1
| #define HAVE_FLOAT_H 1
| #define HAVE_LIMITS_H 1
| #define HAVE_STDDEF_H 1
| #define HAVE_STDLIB_H 1
| #define HAVE_STRING_H 1
| #define HAVE_UNISTD_H 1
| #define HAVE_INTTYPES_H 1
| #define HAVE_STDINT_H 1
| #define HAVE_SYS_IOCTL_H 1
| #define HAVE_SYS_TIME_H 1
| #define HAVE_SYS_UIO_H 1
| #define HAVE_SYS_SOCKET_H 1
| #define HAVE_SYS_UN_H 1
| #define HAVE_NETINET_IN_H 1
| #define HAVE_ARPA_INET_H 1
| #define HAVE_NETDB_H 1
| #define HAVE_SYS_EPOLL_H 1
| /* end confdefs.h.  */
| #include <vfork.h>
configure:5216: result: no
configure:5216: checking for vfork.h
configure:5216: result: no
configure:5229: checking for fork
configure:5229: gcc -o conftest -g -O2   conftest.c  >&5
conftest.c:74:6: warning: conflicting types for built-in function 'fork' [enabled by default]
 char fork ();
      ^
configure:5229: $? = 0
configure:5229: result: yes
configure:5229: checking for vfork
configure:5229: gcc -o conftest -g -O2   conftest.c  >&5
configure:5229: $? = 0
configure:5229: result: yes
configure:5239: checking for working fork
configure:5261: gcc -o conftest -g -O2   conftest.c  >&5
configure:5261: $? = 0
configure:5261: ./conftest
configure:5261: $? = 0
configure:5271: result: yes
configure:5292: checking for working vfork
configure:5402: result: yes
configure:5429: checking for stdlib.h
configure:5429: result: yes
configure:5439: checking for GNU libc compatible malloc
configure:5463: gcc -o conftest -g -O2   conftest.c  >&5
configure:5463: $? = 0
configure:5463: ./conftest
configure:5463: $? = 0
configure:5473: result: yes
configure:5496: checking for stdlib.h
configure:5496: result: yes
configure:5506: checking for GNU libc compatible realloc
configure:5530: gcc -o conftest -g -O2   conftest.c  >&5
configure:5530: $? = 0
configure:5530: ./conftest
configure:5530: $? = 0
configure:5540: result: yes
configure:5563: checking for dup2
configure:5563: gcc -o conftest -g -O2   conftest.c  >&5
configure:5563: $? = 0
configure:5563: result: yes
configure:5574: checking for gethostname
configure:5574: gcc -o conftest -g -O2   conftest.c  >&5
configure:5574: $? = 0
configure:5574: result: yes
configure:5585: checking for gettimeofday
configure:5585: gcc -o conftest -g -O2   conftest.c  >&5
configure:5585: $? = 0
configure:5585: result: yes
configure:5596: checking for strerror
configure:5596: gcc -o conftest -g -O2   conftest.c  >&5
configure:5596: $? = 0
configure:5596: result: yes
configure:5607: checking for socket
configure:5607: gcc -o conftest -g -O2   conftest.c  >&5
configure:5607: $? = 0
configure:5607: result: yes
configure:5619: checking for memchr
configure:5619: gcc -o conftest -g -O2   conftest.c  >&5
conftest.c:87:6: warning: conflicting types for built-in function 'memchr' [enabled by default]
 char memchr ();
      ^
configure:5619: $? = 0
configure:5619: result: yes
configure:5619: checking for memmove
configure:5619: gcc -o conftest -g -O2   conftest.c  >&5
conftest.c:88:6: warning: conflicting types for built-in function 'memmove' [enabled by default]
 char memmove ();
      ^
configure:5619: $? = 0
configure:5619: result: yes
configure:5619: checking for memset
configure:5619: gcc -o conftest -g -O2   conftest.c  >&5
conftest.c:89:6: warning: conflicting types for built-in function 'memset' [enabled by default]
 char memset ();
      ^
configure:5619: $? = 0
configure:5619: result: yes
configure:5631: checking for strchr
configure:5631: gcc -o conftest -g -O2   conftest.c  >&5
conftest.c:90:6: warning: conflicting types for built-in function 'strchr' [enabled by default]
 char strchr ();
      ^
configure:5631: $? = 0
configure:5631: result: yes
configure:5631: checking for strndup
configure:5631: gcc -o conftest -g -O2   conftest.c  >&5
conftest.c:91:6: warning: conflicting types for built-in function 'strndup' [enabled by default]
 char strndup ();
      ^
configure:5631: $? = 0
configure:5631: result: yes
configure:5631: checking for strtol
configure:5631: gcc -o conftest -g -O2   conftest.c  >&5
configure:5631: $? = 0
configure:5631: result: yes
configure:5631: checking for strtoul
configure:5631: gcc -o conftest -g -O2   conftest.c  >&5
configure:5631: $? = 0
configure:5631: result: yes
configure:5631: checking for strtoull
configure:5631: gcc -o conftest -g -O2   conftest.c  >&5
configure:5631: $? = 0
configure:5631: result: yes
configure:5642: checking for mlockall
configure:5642: gcc -o conftest -g -O2   conftest.c  >&5
configure:5642: $? = 0
configure:5642: result: yes
configure:5653: checking for getpagesizes
configure:5653: gcc -o conftest -g -O2   conftest.c  >&5
/tmp/ccnwOL4S.o: In function `main':
/home/shen/Desktop/fatcache_async/conftest.c:107: undefined reference to `getpagesizes'
collect2: error: ld returned 1 exit status
configure:5653: $? = 1
configure: failed program was:
| /* confdefs.h */
| #define PACKAGE_NAME "fatcache"
| #define PACKAGE_TARNAME "fatcache"
| #define PACKAGE_VERSION "0.1.1"
| #define PACKAGE_STRING "fatcache 0.1.1"
| #define PACKAGE_BUGREPORT "manj@twitter.com"
| #define PACKAGE_URL ""
| #define PACKAGE "fatcache"
| #define VERSION "0.1.1"
| #define FC_VERSION_MAJOR 0
| #define FC_VERSION_MINOR 1
| #define FC_VERSION_PATCH 1
| #define FC_VERSION_STRING "0.1.1"
| #define STDC_HEADERS 1
| #define HAVE_SYS_TYPES_H 1
| #define HAVE_SYS_STAT_H 1
| #define HAVE_STDLIB_H 1
| #define HAVE_STRING_H 1
| #define HAVE_MEMORY_H 1
| #define HAVE_STRINGS_H 1
| #define HAVE_INTTYPES_H 1
| #define HAVE_STDINT_H 1
| #define HAVE_UNISTD_H 1
| #define HAVE_LONG_LONG_INT 1
| #define HAVE_INTMAX_T 1
| #define HAVE_INTPTR_T 1
| #define HAVE_UNSIGNED_LONG_LONG_INT 1
| #define HAVE_UINTMAX_T 1
| #define HAVE_UINTPTR_T 1
| #define HAVE__BOOL 1
| #define HAVE_STDBOOL_H 1
| #define HAVE_FCNTL_H 1
| #define HAVE_FLOAT_H 1
| #define HAVE_LIMITS_H 1
| #define HAVE_STDDEF_H 1
| #define HAVE_STDLIB_H 1
| #define HAVE_STRING_H 1
| #define HAVE_UNISTD_H 1
| #define HAVE_INTTYPES_H 1
| #define HAVE_STDINT_H 1
| #define HAVE_SYS_IOCTL_H 1
| #define HAVE_SYS_TIME_H 1
| #define HAVE_SYS_UIO_H 1
| #define HAVE_SYS_SOCKET_H 1
| #define HAVE_SYS_UN_H 1
| #define HAVE_NETINET_IN_H 1
| #define HAVE_ARPA_INET_H 1
| #define HAVE_NETDB_H 1
| #define HAVE_SYS_EPOLL_H 1
| #define HAVE_FORK 1
| #define HAVE_VFORK 1
| #define HAVE_WORKING_VFORK 1
| #define HAVE_WORKING_FORK 1
| #define HAVE_STDLIB_H 1
| #define HAVE_MALLOC 1
| #define HAVE_STDLIB_H 1
| #define HAVE_REALLOC 1
| #define HAVE_DUP2 1
| #define HAVE_GETHOSTNAME 1
| #define HAVE_GETTIMEOFDAY 1
| #define HAVE_STRERROR 1
| #define HAVE_SOCKET 1
| #define HAVE_MEMCHR 1
| #define HAVE_MEMMOVE 1
| #define HAVE_MEMSET 1
| #define HAVE_STRCHR 1
| #define HAVE_STRNDUP 1
| #define HAVE_STRTOL 1
| #define HAVE_STRTOUL 1
| #define HAVE_STRTOULL 1
| #define HAVE_MLOCKALL 1
| /* end confdefs.h.  */
| /* Define getpagesizes to an innocuous variant, in case <limits.h> declares getpagesizes.
|    For example, HP-UX 11i <limits.h> declares gettimeofday.  */
| #define getpagesizes innocuous_getpagesizes
| 
| /* System header to define __stub macros and hopefully few prototypes,
|     which can conflict with char getpagesizes (); below.
|     Prefer <limits.h> to <assert.h> if __STDC__ is defined, since
|     <limits.h> exists even on freestanding compilers.  */
| 
| #ifdef __STDC__
| # include <limits.h>
| #else
| # include <assert.h>
| #endif
| 
| #undef getpagesizes
| 
| /* Override any GCC internal prototype to avoid an error.
|    Use char because int might match the return type of a GCC
|    builtin and then its argument prototype would still apply.  */
| #ifdef __cplusplus
| extern "C"
| #endif
| char getpagesizes ();
| /* The GNU C library defines this for functions which it implements
|     to always fail with ENOSYS.  Some functions are actually named
|     something starting with __ and the normal name is an alias.  */
| #if defined __stub_getpagesizes || defined __stub___getpagesizes
| choke me
| #endif
| 
| int
| main ()
| {
| return getpagesizes ();
|   ;
|   return 0;
| }
configure:5653: result: no
configure:5664: checking for memcntl
configure:5664: gcc -o conftest -g -O2   conftest.c  >&5
/tmp/ccZsQdiY.o: In function `main':
/home/shen/Desktop/fatcache_async/conftest.c:107: undefined reference to `memcntl'
collect2: error: ld returned 1 exit status
configure:5664: $? = 1
configure: failed program was:
| /* confdefs.h */
| #define PACKAGE_NAME "fatcache"
| #define PACKAGE_TARNAME "fatcache"
| #define PACKAGE_VERSION "0.1.1"
| #define PACKAGE_STRING "fatcache 0.1.1"
| #define PACKAGE_BUGREPORT "manj@twitter.com"
| #define PACKAGE_URL ""
| #define PACKAGE "fatcache"
| #define VERSION "0.1.1"
| #define FC_VERSION_MAJOR 0
| #define FC_VERSION_MINOR 1
| #define FC_VERSION_PATCH 1
| #define FC_VERSION_STRING "0.1.1"
| #define STDC_HEADERS 1
| #define HAVE_SYS_TYPES_H 1
| #define HAVE_SYS_STAT_H 1
| #define HAVE_STDLIB_H 1
| #define HAVE_STRING_H 1
| #define HAVE_MEMORY_H 1
| #define HAVE_STRINGS_H 1
| #define HAVE_INTTYPES_H 1
| #define HAVE_STDINT_H 1
| #define HAVE_UNISTD_H 1
| #define HAVE_LONG_LONG_INT 1
| #define HAVE_INTMAX_T 1
| #define HAVE_INTPTR_T 1
| #define HAVE_UNSIGNED_LONG_LONG_INT 1
| #define HAVE_UINTMAX_T 1
| #define HAVE_UINTPTR_T 1
| #define HAVE__BOOL 1
| #define HAVE_STDBOOL_H 1
| #define HAVE_FCNTL_H 1
| #define HAVE_FLOAT_H 1
| #define HAVE_LIMITS_H 1
| #define HAVE_STDDEF_H 1
| #define HAVE_STDLIB_H 1
| #define HAVE_STRING_H 1
| #define HAVE_UNISTD_H 1
| #define HAVE_INTTYPES_H 1
| #define HAVE_STDINT_H 1
| #define HAVE_SYS_IOCTL_H 1
| #define HAVE_SYS_TIME_H 1
| #define HAVE_SYS_UIO_H 1
| #define HAVE_SYS_SOCKET_H 1
| #define HAVE_SYS_UN_H 1
| #define HAVE_NETINET_IN_H 1
| #define HAVE_ARPA_INET_H 1
| #define HAVE_NETDB_H 1
| #define HAVE_SYS_EPOLL_H 1
| #define HAVE_FORK 1
| #define HAVE_VFORK 1
| #define HAVE_WORKING_VFORK 1
| #define HAVE_WORKING_FORK 1
| #define HAVE_STDLIB_H 1
| #define HAVE_MALLOC 1
| #define HAVE_STDLIB_H 1
| #define HAVE_REALLOC 1
| #define HAVE_DUP2 1
| #define HAVE_GETHOSTNAME 1
| #define HAVE_GETTIMEOFDAY 1
| #define HAVE_STRERROR 1
| #define HAVE_SOCKET 1
| #define HAVE_MEMCHR 1
| #define HAVE_MEMMOVE 1
| #define HAVE_MEMSET 1
| #define HAVE_STRCHR 1
| #define HAVE_STRNDUP 1
| #define HAVE_STRTOL 1
| #define HAVE_STRTOUL 1
| #define HAVE_STRTOULL 1
| #define HAVE_MLOCKALL 1
| /* end confdefs.h.  */
| /* Define memcntl to an innocuous variant, in case <limits.h> declares memcntl.
|    For example, HP-UX 11i <limits.h> declares gettimeofday.  */
| #define memcntl innocuous_memcntl
| 
| /* System header to define __stub macros and hopefully few prototypes,
|     which can conflict with char memcntl (); below.
|     Prefer <limits.h> to <assert.h> if __STDC__ is defined, since
|     <limits.h> exists even on freestanding compilers.  */
| 
| #ifdef __STDC__
| # include <limits.h>
| #else
| # include <assert.h>
| #endif
| 
| #undef memcntl
| 
| /* Override any GCC internal prototype to avoid an error.
|    Use char because int might match the return type of a GCC
|    builtin and then its argument prototype would still apply.  */
| #ifdef __cplusplus
| extern "C"
| #endif
| char memcntl ();
| /* The GNU C library defines this for functions which it implements
|     to always fail with ENOSYS.  Some functions are actually named
|     something starting with __ and the normal name is an alias.  */
| #if defined __stub_memcntl || defined __stub___memcntl
| choke me
| #endif
| 
| int
| main ()
| {
| return memcntl ();
|   ;
|   return 0;
| }
configure:5664: result: no
configure:5675: checking for backtrace
configure:5675: gcc -o conftest -g -O2   conftest.c  >&5
configure:5675: $? = 0
configure:5675: result: yes
configure:5685: checking if epoll works
configure:5716: gcc -o conftest -g -O2   conftest.c  >&5
configure:5716: $? = 0
configure:5716: ./conftest
configure:5716: $? = 0
configure:5726: result: yes
configure:5738: checking for library containing pthread_create
configure:5769: gcc -o conftest -g -O2   conftest.c  >&5
/tmp/cckP8n4c.o: In function `main':
/home/shen/Desktop/fatcache_async/conftest.c:85: undefined reference to `pthread_create'
collect2: error: ld returned 1 exit status
configure:5769: $? = 1
configure: failed program was:
| /* confdefs.h */
| #define PACKAGE_NAME "fatcache"
| #define PACKAGE_TARNAME "fatcache"
| #define PACKAGE_VERSION "0.1.1"
| #define PACKAGE_STRING "fatcache 0.1.1"
| #define PACKAGE_BUGREPORT "manj@twitter.com"
| #define PACKAGE_URL ""
| #define PACKAGE "fatcache"
| #define VERSION "0.1.1"
| #define FC_VERSION_MAJOR 0
| #define FC_VERSION_MINOR 1
| #define FC_VERSION_PATCH 1
| #define FC_VERSION_STRING "0.1.1"
| #define STDC_HEADERS 1
| #define HAVE_SYS_TYPES_H 1
| #define HAVE_SYS_STAT_H 1
| #define HAVE_STDLIB_H 1
| #define HAVE_STRING_H 1
| #define HAVE_MEMORY_H 1
| #define HAVE_STRINGS_H 1
| #define HAVE_INTTYPES_H 1
| #define HAVE_STDINT_H 1
| #define HAVE_UNISTD_H 1
| #define HAVE_LONG_LONG_INT 1
| #define HAVE_INTMAX_T 1
| #define HAVE_INTPTR_T 1
| #define HAVE_UNSIGNED_LONG_LONG_INT 1
| #define HAVE_UINTMAX_T 1
| #define HAVE_UINTPTR_T 1
| #define HAVE__BOOL 1
| #define HAVE_STDBOOL_H 1
| #define HAVE_FCNTL_H 1
| #define HAVE_FLOAT_H 1
| #define HAVE_LIMITS_H 1
| #define HAVE_STDDEF_H 1
| #define HAVE_STDLIB_H 1
| #define HAVE_STRING_H 1
| #define HAVE_UNISTD_H 1
| #define HAVE_INTTYPES_H 1
| #define HAVE_STDINT_H 1
| #define HAVE_SYS_IOCTL_H 1
| #define HAVE_SYS_TIME_H 1
| #define HAVE_SYS_UIO_H 1
| #define HAVE_SYS_SOCKET_H 1
| #define HAVE_SYS_UN_H 1
| #define HAVE_NETINET_IN_H 1
| #define HAVE_ARPA_INET_H 1
| #define HAVE_NETDB_H 1
| #define HAVE_SYS_EPOLL_H 1
| #define HAVE_FORK 1
| #define HAVE_VFORK 1
| #define HAVE_WORKING_VFORK 1
| #define HAVE_WORKING_FORK 1
| #define HAVE_STDLIB_H 1
| #define HAVE_MALLOC 1
| #define HAVE_STDLIB_H 1
| #define HAVE_REALLOC 1
| #define HAVE_DUP2 1
| #define HAVE_GETHOSTNAME 1
| #define HAVE_GETTIMEOFDAY 1
| #define HAVE_STRERROR 1
| #define HAVE_SOCKET 1
| #define HAVE_MEMCHR 1
| #define HAVE_MEMMOVE 1
| #define HAVE_MEMSET 1
| #define HAVE_STRCHR 1
| #define HAVE_STRNDUP 1
| #define HAVE_STRTOL 1
| #define HAVE_STRTOUL 1
| #define HAVE_STRTOULL 1
| #define HAVE_MLOCKALL 1
| #define HAVE_BACKTRACE 1
| /* end confdefs.h.  */
| 
| /* Override any GCC internal prototype to avoid an error.
|    Use char because int might match the return type of a GCC
|    builtin and then its argument prototype would still apply.  */
| #ifdef __cplusplus
| extern "C"
| #endif
| char pthread_create ();
| int
| main ()
| {
| return pthread_create ();
|   ;
|   return 0;
| }
configure:5769: gcc -o conftest -g -O2   conftest.c -lpthread   >&5
configure:5769: $? = 0
configure:5786: result: -lpthread
configure:5798: checking whether byte ordering is bigendian
configure:5813: gcc -c -g -O2  conftest.c >&5
conftest.c:75:9: error: unknown type name 'not'
         not a universal capable compiler
         ^
conftest.c:75:15: error: expected '=', ',', ';', 'asm' or '__attribute__' before 'universal'
         not a universal capable compiler
               ^
conftest.c:75:15: error: unknown type name 'universal'
configure:5813: $? = 1
configure: failed program was:
| /* confdefs.h */
| #define PACKAGE_NAME "fatcache"
| #define PACKAGE_TARNAME "fatcache"
| #define PACKAGE_VERSION "0.1.1"
| #define PACKAGE_STRING "fatcache 0.1.1"
| #define PACKAGE_BUGREPORT "manj@twitter.com"
| #define PACKAGE_URL ""
| #define PACKAGE "fatcache"
| #define VERSION "0.1.1"
| #define FC_VERSION_MAJOR 0
| #define FC_VERSION_MINOR 1
| #define FC_VERSION_PATCH 1
| #define FC_VERSION_STRING "0.1.1"
| #define STDC_HEADERS 1
| #define HAVE_SYS_TYPES_H 1
| #define HAVE_SYS_STAT_H 1
| #define HAVE_STDLIB_H 1
| #define HAVE_STRING_H 1
| #define HAVE_MEMORY_H 1
| #define HAVE_STRINGS_H 1
| #define HAVE_INTTYPES_H 1
| #define HAVE_STDINT_H 1
| #define HAVE_UNISTD_H 1
| #define HAVE_LONG_LONG_INT 1
| #define HAVE_INTMAX_T 1
| #define HAVE_INTPTR_T 1
| #define HAVE_UNSIGNED_LONG_LONG_INT 1
| #define HAVE_UINTMAX_T 1
| #define HAVE_UINTPTR_T 1
| #define HAVE__BOOL 1
| #define HAVE_STDBOOL_H 1
| #define HAVE_FCNTL_H 1
| #define HAVE_FLOAT_H 1
| #define HAVE_LIMITS_H 1
| #define HAVE_STDDEF_H 1
| #define HAVE_STDLIB_H 1
| #define HAVE_STRING_H 1
| #define HAVE_UNISTD_H 1
| #define HAVE_INTTYPES_H 1
| #define HAVE_STDINT_H 1
| #define HAVE_SYS_IOCTL_H 1
| #define HAVE_SYS_TIME_H 1
| #define HAVE_SYS_UIO_H 1
| #define HAVE_SYS_SOCKET_H 1
| #define HAVE_SYS_UN_H 1
| #define HAVE_NETINET_IN_H 1
| #define HAVE_ARPA_INET_H 1
| #define HAVE_NETDB_H 1
| #define HAVE_SYS_EPOLL_H 1
| #define HAVE_FORK 1
| #define HAVE_VFORK 1
| #define HAVE_WORKING_VFORK 1
| #define HAVE_WORKING_FORK 1
| #define HAVE_STDLIB_H 1
| #define HAVE_MALLOC 1
| #define HAVE_STDLIB_H 1
| #define HAVE_REALLOC 1
| #define HAVE_DUP2 1
| #define HAVE_GETHOSTNAME 1
| #define HAVE_GETTIMEOFDAY 1
| #define HAVE_STRERROR 1
| #define HAVE_SOCKET 1
| #define HAVE_MEMCHR 1
| #define HAVE_MEMMOVE 1
| #define HAVE_MEMSET 1
| #define HAVE_STRCHR 1
| #define HAVE_STRNDUP 1
| #define HAVE_STRTOL 1
| #define HAVE_STRTOUL 1
| #define HAVE_STRTOULL 1
| #define HAVE_MLOCKALL 1
| #define HAVE_BACKTRACE 1
| /* end confdefs.h.  */
| #ifndef __APPLE_CC__
| 	       not a universal capable compiler
| 	     #endif
| 	     typedef int dummy;
| 
configure:5858: gcc -c -g -O2  conftest.c >&5
configure:5858: $? = 0
configure:5876: gcc -c -g -O2  conftest.c >&5
conftest.c: In function 'main':
conftest.c:81:4: error: unknown type name 'not'
    not big endian
    ^
conftest.c:81:12: error: expected '=', ',', ';', 'asm' or '__attribute__' before 'endian'
    not big endian
            ^
configure:5876: $? = 1
configure: failed program was:
| /* confdefs.h */
| #define PACKAGE_NAME "fatcache"
| #define PACKAGE_TARNAME "fatcache"
| #define PACKAGE_VERSION "0.1.1"
| #define PACKAGE_STRING "fatcache 0.1.1"
| #define PACKAGE_BUGREPORT "manj@twitter.com"
| #define PACKAGE_URL ""
| #define PACKAGE "fatcache"
| #define VERSION "0.1.1"
| #define FC_VERSION_MAJOR 0
| #define FC_VERSION_MINOR 1
| #define FC_VERSION_PATCH 1
| #define FC_VERSION_STRING "0.1.1"
| #define STDC_HEADERS 1
| #define HAVE_SYS_TYPES_H 1
| #define HAVE_SYS_STAT_H 1
| #define HAVE_STDLIB_H 1
| #define HAVE_STRING_H 1
| #define HAVE_MEMORY_H 1
| #define HAVE_STRINGS_H 1
| #define HAVE_INTTYPES_H 1
| #define HAVE_STDINT_H 1
| #define HAVE_UNISTD_H 1
| #define HAVE_LONG_LONG_INT 1
| #define HAVE_INTMAX_T 1
| #define HAVE_INTPTR_T 1
| #define HAVE_UNSIGNED_LONG_LONG_INT 1
| #define HAVE_UINTMAX_T 1
| #define HAVE_UINTPTR_T 1
| #define HAVE__BOOL 1
| #define HAVE_STDBOOL_H 1
| #define HAVE_FCNTL_H 1
| #define HAVE_FLOAT_H 1
| #define HAVE_LIMITS_H 1
| #define HAVE_STDDEF_H 1
| #define HAVE_STDLIB_H 1
| #define HAVE_STRING_H 1
| #define HAVE_UNISTD_H 1
| #define HAVE_INTTYPES_H 1
| #define HAVE_STDINT_H 1
| #define HAVE_SYS_IOCTL_H 1
| #define HAVE_SYS_TIME_H 1
| #define HAVE_SYS_UIO_H 1
| #define HAVE_SYS_SOCKET_H 1
| #define HAVE_SYS_UN_H 1
| #define HAVE_NETINET_IN_H 1
| #define HAVE_ARPA_INET_H 1
| #define HAVE_NETDB_H 1
| #define HAVE_SYS_EPOLL_H 1
| #define HAVE_FORK 1
| #define HAVE_VFORK 1
| #define HAVE_WORKING_VFORK 1
| #define HAVE_WORKING_FORK 1
| #define HAVE_STDLIB_H 1
| #define HAVE_MALLOC 1
| #define HAVE_STDLIB_H 1
| #define HAVE_REALLOC 1
| #define HAVE_DUP2 1
| #define HAVE_GETHOSTNAME 1
| #define HAVE_GETTIMEOFDAY 1
| #define HAVE_STRERROR 1
| #define HAVE_SOCKET 1
| #define HAVE_MEMCHR 1
| #define HAVE_MEMMOVE 1
| #define HAVE_MEMSET 1
| #define HAVE_STRCHR 1
| #define HAVE_STRNDUP 1
| #define HAVE_STRTOL 1
| #define HAVE_STRTOUL 1
| #define HAVE_STRTOULL 1
| #define HAVE_MLOCKALL 1
| #define HAVE_BACKTRACE 1
| /* end confdefs.h.  */
| #include <sys/types.h>
| 		#include <sys/param.h>
| 
| int
| main ()
| {
| #if BYTE_ORDER != BIG_ENDIAN
| 		 not big endian
| 		#endif
| 
|   ;
|   return 0;
| }
configure:6004: result: no
configure:6025: checking whether to enable debug logs and asserts
configure:6063: result: no
configure:6201: creating ./config.status

## ---------------------- ##
## Running config.status. ##
## ---------------------- ##

This file was extended by fatcache config.status 0.1.1, which was
generated by GNU Autoconf 2.68.  Invocation command line was

  CONFIG_FILES    = 
  CONFIG_HEADERS  = 
  CONFIG_LINKS    = 
  CONFIG_COMMANDS = 
  $ ./config.status 

on shen-MS-7885

config.status:927: creating Makefile
config.status:927: creating src/Makefile
config.status:927: creating config.h
config.status:1108: config.h is unchanged
config.status:1156: executing depfiles commands

## ---------------- ##
## Cache variables. ##
## ---------------- ##

ac_cv_build=x86_64-unknown-linux-gnu
ac_cv_c_bigendian=no
ac_cv_c_compiler_gnu=yes
ac_cv_c_const=yes
ac_cv_c_inline=inline
ac_cv_c_int16_t=yes
ac_cv_c_int32_t=yes
ac_cv_c_int64_t=yes
ac_cv_c_int8_t=yes
ac_cv_c_uint16_t=yes
ac_cv_c_uint32_t=yes
ac_cv_c_uint64_t=yes
ac_cv_c_uint8_t=yes
ac_cv_env_CC_set=
ac_cv_env_CC_value=
ac_cv_env_CFLAGS_set=
ac_cv_env_CFLAGS_value=
ac_cv_env_CPPFLAGS_set=
ac_cv_env_CPPFLAGS_value=
ac_cv_env_CPP_set=
ac_cv_env_CPP_value=
ac_cv_env_LDFLAGS_set=
ac_cv_env_LDFLAGS_value=
ac_cv_env_LIBS_set=
ac_cv_env_LIBS_value=
ac_cv_env_build_alias_set=
ac_cv_env_build_alias_value=
ac_cv_env_host_alias_set=
ac_cv_env_host_alias_value=
ac_cv_env_target_alias_set=
ac_cv_env_target_alias_value=
ac_cv_epoll_works=yes
ac_cv_func_backtrace=yes
ac_cv_func_dup2=yes
ac_cv_func_fork=yes
ac_cv_func_fork_works=yes
ac_cv_func_gethostname=yes
ac_cv_func_getpagesizes=no
ac_cv_func_gettimeofday=yes
ac_cv_func_malloc_0_nonnull=yes
ac_cv_func_memchr=yes
ac_cv_func_memcntl=no
ac_cv_func_memmove=yes
ac_cv_func_memset=yes
ac_cv_func_mlockall=yes
ac_cv_func_realloc_0_nonnull=yes
ac_cv_func_socket=yes
ac_cv_func_strchr=yes
ac_cv_func_strerror=yes
ac_cv_func_strndup=yes
ac_cv_func_strtol=yes
ac_cv_func_strtoul=yes
ac_cv_func_strtoull=yes
ac_cv_func_vfork=yes
ac_cv_func_vfork_works=yes
ac_cv_header_arpa_inet_h=yes
ac_cv_header_fcntl_h=yes
ac_cv_header_float_h=yes
ac_cv_header_inttypes_h=yes
ac_cv_header_limits_h=yes
ac_cv_header_memory_h=yes
ac_cv_header_netdb_h=yes
ac_cv_header_netinet_in_h=yes
ac_cv_header_stdbool_h=yes
ac_cv_header_stdc=yes
ac_cv_header_stddef_h=yes
ac_cv_header_stdint_h=yes
ac_cv_header_stdlib_h=yes
ac_cv_header_string_h=yes
ac_cv_header_strings_h=yes
ac_cv_header_sys_epoll_h=yes
ac_cv_header_sys_ioctl_h=yes
ac_cv_header_sys_socket_h=yes
ac_cv_header_sys_stat_h=yes
ac_cv_header_sys_time_h=yes
ac_cv_header_sys_types_h=yes
ac_cv_header_sys_uio_h=yes
ac_cv_header_sys_un_h=yes
ac_cv_header_unistd_h=yes
ac_cv_header_vfork_h=no
ac_cv_host=x86_64-unknown-linux-gnu
ac_cv_objext=o
ac_cv_path_EGREP='/bin/grep -E'
ac_cv_path_GREP=/bin/grep
ac_cv_path_install='/usr/bin/install -c'
ac_cv_path_mkdir=/bin/mkdir
ac_cv_prog_AWK=mawk
ac_cv_prog_CPP='gcc -E'
ac_cv_prog_ac_ct_CC=gcc
ac_cv_prog_cc_c89=
ac_cv_prog_cc_g=yes
ac_cv_prog_cc_gcc_c_o=yes
ac_cv_prog_make_make_set=yes
ac_cv_search_pthread_create=-lpthread
ac_cv_target=x86_64-unknown-linux-gnu
ac_cv_type__Bool=yes
ac_cv_type_intmax_t=yes
ac_cv_type_intptr_t=yes
ac_cv_type_long_long_int=yes
ac_cv_type_off_t=yes
ac_cv_type_pid_t=yes
ac_cv_type_size_t=yes
ac_cv_type_ssize_t=yes
ac_cv_type_uid_t=yes
ac_cv_type_uintmax_t=yes
ac_cv_type_uintptr_t=yes
ac_cv_type_unsigned_long_long_int=yes
am_cv_CC_dependencies_compiler_type=gcc3

## ----------------- ##
## Output variables. ##
## ----------------- ##

ACLOCAL='${SHELL} /home/shen/Desktop/fatcache_async/config/missing --run aclocal-1.11'
AMDEPBACKSLASH='\'
AMDEP_FALSE='#'
AMDEP_TRUE=''
AMTAR='$${TAR-tar}'
AUTOCONF='${SHELL} /home/shen/Desktop/fatcache_async/config/missing --run autoconf'
AUTOHEADER='${SHELL} /home/shen/Desktop/fatcache_async/config/missing --run autoheader'
AUTOMAKE='${SHELL} /home/shen/Desktop/fatcache_async/config/missing --run automake-1.11'
AWK='mawk'
CC='gcc'
CCDEPMODE='depmode=gcc3'
CFLAGS='-g -O2'
CPP='gcc -E'
CPPFLAGS=''
CYGPATH_W='echo'
DEFS='-DHAVE_CONFIG_H'
DEPDIR='.deps'
ECHO_C=''
ECHO_N='-n'
ECHO_T=''
EGREP='/bin/grep -E'
EXEEXT=''
GREP='/bin/grep'
INSTALL_DATA='${INSTALL} -m 644'
INSTALL_PROGRAM='${INSTALL}'
INSTALL_SCRIPT='${INSTALL}'
INSTALL_STRIP_PROGRAM='$(install_sh) -c -s'
LDFLAGS=''
LIBOBJS=''
LIBS='-lpthread '
LTLIBOBJS=''
MAKEINFO='${SHELL} /home/shen/Desktop/fatcache_async/config/missing --run makeinfo'
MKDIR_P='/bin/mkdir -p'
OBJEXT='o'
PACKAGE='fatcache'
PACKAGE_BUGREPORT='manj@twitter.com'
PACKAGE_NAME='fatcache'
PACKAGE_STRING='fatcache 0.1.1'
PACKAGE_TARNAME='fatcache'
PACKAGE_URL=''
PACKAGE_VERSION='0.1.1'
PATH_SEPARATOR=':'
SET_MAKE=''
SHELL='/bin/bash'
STRIP=''
VERSION='0.1.1'
ac_ct_CC='gcc'
am__EXEEXT_FALSE=''
am__EXEEXT_TRUE='#'
am__fastdepCC_FALSE='#'
am__fastdepCC_TRUE=''
am__include='include'
am__isrc=''
am__leading_dot='.'
am__nodep='_no'
am__quote=''
am__tar='$${TAR-tar} chof - "$$tardir"'
am__untar='$${TAR-tar} xf -'
bindir='${exec_prefix}/bin'
build='x86_64-unknown-linux-gnu'
build_alias=''
build_cpu='x86_64'
build_os='linux-gnu'
build_vendor='unknown'
datadir='${datarootdir}'
datarootdir='${prefix}/share'
docdir='${datarootdir}/doc/${PACKAGE_TARNAME}'
dvidir='${docdir}'
exec_prefix='${prefix}'
host='x86_64-unknown-linux-gnu'
host_alias=''
host_cpu='x86_64'
host_os='linux-gnu'
host_vendor='unknown'
htmldir='${docdir}'
includedir='${prefix}/include'
infodir='${datarootdir}/info'
install_sh='${SHELL} /home/shen/Desktop/fatcache_async/config/install-sh'
libdir='${exec_prefix}/lib'
libexecdir='${exec_prefix}/libexec'
localedir='${datarootdir}/locale'
localstatedir='${prefix}/var'
mandir='${datarootdir}/man'
mkdir_p='/bin/mkdir -p'
oldincludedir='/usr/include'
pdfdir='${docdir}'
prefix='/usr/local'
program_transform_name='s,x,x,'
psdir='${docdir}'
sbindir='${exec_prefix}/sbin'
sharedstatedir='${prefix}/com'
sysconfdir='${prefix}/etc'
target='x86_64-unknown-linux-gnu'
target_alias=''
target_cpu='x86_64'
target_os='linux-gnu'
target_vendor='unknown'

## ----------- ##
## confdefs.h. ##
## ----------- ##

/* confdefs.h */
#define PACKAGE_NAME "fatcache"
#define PACKAGE_TARNAME "fatcache"
#define PACKAGE_VERSION "0.1.1"
#define PACKAGE_STRING "fatcache 0.1.1"
#define PACKAGE_BUGREPORT "manj@twitter.com"
#define PACKAGE_URL ""
#define PACKAGE "fatcache"
#define VERSION "0.1.1"
#define FC_VERSION_MAJOR 0
#define FC_VERSION_MINOR 1
#define FC_VERSION_PATCH 1
#define FC_VERSION_STRING "0.1.1"
#define STDC_HEADERS 1
#define HAVE_SYS_TYPES_H 1
#define HAVE_SYS_STAT_H 1
#define HAVE_STDLIB_H 1
#define HAVE_STRING_H 1
#define HAVE_MEMORY_H 1
#define HAVE_STRINGS_H 1
#define HAVE_INTTYPES_H 1
#define HAVE_STDINT_H 1
#define HAVE_UNISTD_H 1
#define HAVE_LONG_LONG_INT 1
#define HAVE_INTMAX_T 1
#define HAVE_INTPTR_T 1
#define HAVE_UNSIGNED_LONG_LONG_INT 1
#define HAVE_UINTMAX_T 1
#define HAVE_UINTPTR_T 1
#define HAVE__BOOL 1
#define HAVE_STDBOOL_H 1
#define HAVE_FCNTL_H 1
#define HAVE_FLOAT_H 1
#define HAVE_LIMITS_H 1
#define HAVE_STDDEF_H 1
#define HAVE_STDLIB_H 1
#define HAVE_STRING_H 1
#define HAVE_UNISTD_H 1
#define HAVE_INTTYPES_H 1
#define HAVE_STDINT_H 1
#define HAVE_SYS_IOCTL_H 1
#define HAVE_SYS_TIME_H 1
#define HAVE_SYS_UIO_H 1
#define HAVE_SYS_SOCKET_H 1
#define HAVE_SYS_UN_H 1
#define HAVE_NETINET_IN_H 1
#define HAVE_ARPA_INET_H 1
#define HAVE_NETDB_H 1
#define HAVE_SYS_EPOLL_H 1
#define HAVE_FORK 1
#define HAVE_VFORK 1
#define HAVE_WORKING_VFORK 1
#define HAVE_WORKING_FORK 1
#define HAVE_STDLIB_H 1
#define HAVE_MALLOC 1
#define HAVE_STDLIB_H 1
#define HAVE_REALLOC 1
#define HAVE_DUP2 1
#define HAVE_GETHOSTNAME 1
#define HAVE_GETTIMEOFDAY 1
#define HAVE_STRERROR 1
#define HAVE_SOCKET 1
#define HAVE_MEMCHR 1
#define HAVE_MEMMOVE 1
#define HAVE_MEMSET 1
#define HAVE_STRCHR 1
#define HAVE_STRNDUP 1
#define HAVE_STRTOL 1
#define HAVE_STRTOUL 1
#define HAVE_STRTOULL 1
#define HAVE_MLOCKALL 1
#define HAVE_BACKTRACE 1
#define HAVE_LITTLE_ENDIAN 1

configure: exit 0
